Using pre-set license
Built from '2021.3/staging' branch; Version is '2021.3.29f1 (204d6dc9ae1c) revision 2116973'; Using compiler version '192829333'; Build Type 'Release'
OS: 'Windows 10  (10.0.19045) 64bit Professional' Language: 'es' Physical Memory: 32667 MB
BatchMode: 1, IsHumanControllingUs: 0, StartBugReporterOnCrash: 0, Is64bit: 1, IsPro: 1

COMMAND LINE ARGUMENTS:
C:\Program Files\Unity\Hub\Editor\2021.3.29f1\Editor\Unity.exe
-adb2
-batchMode
-noUpm
-name
AssetImportWorker0
-projectPath
C:/Users/Kiki/Documents/UNAM/semestre10/compugraf/Proyecto/V3/Proyecto/BatallaNaval
-logFile
Logs/AssetImportWorker0.log
-srvPort
56126
Successfully changed project path to: C:/Users/Kiki/Documents/UNAM/semestre10/compugraf/Proyecto/V3/Proyecto/BatallaNaval
C:/Users/Kiki/Documents/UNAM/semestre10/compugraf/Proyecto/V3/Proyecto/BatallaNaval
[UnityMemory] Configuration Parameters - Can be set up in boot.config
    "memorysetup-bucket-allocator-granularity=16"
    "memorysetup-bucket-allocator-bucket-count=8"
    "memorysetup-bucket-allocator-block-size=33554432"
    "memorysetup-bucket-allocator-block-count=8"
    "memorysetup-main-allocator-block-size=16777216"
    "memorysetup-thread-allocator-block-size=16777216"
    "memorysetup-gfx-main-allocator-block-size=16777216"
    "memorysetup-gfx-thread-allocator-block-size=16777216"
    "memorysetup-cache-allocator-block-size=4194304"
    "memorysetup-typetree-allocator-block-size=2097152"
    "memorysetup-profiler-bucket-allocator-granularity=16"
    "memorysetup-profiler-bucket-allocator-bucket-count=8"
    "memorysetup-profiler-bucket-allocator-block-size=33554432"
    "memorysetup-profiler-bucket-allocator-block-count=8"
    "memorysetup-profiler-allocator-block-size=16777216"
    "memorysetup-profiler-editor-allocator-block-size=1048576"
    "memorysetup-temp-allocator-size-main=16777216"
    "memorysetup-job-temp-allocator-block-size=2097152"
    "memorysetup-job-temp-allocator-block-size-background=1048576"
    "memorysetup-job-temp-allocator-reduction-small-platforms=262144"
    "memorysetup-temp-allocator-size-background-worker=32768"
    "memorysetup-temp-allocator-size-job-worker=262144"
    "memorysetup-temp-allocator-size-preload-manager=33554432"
    "memorysetup-temp-allocator-size-nav-mesh-worker=65536"
    "memorysetup-temp-allocator-size-audio-worker=65536"
    "memorysetup-temp-allocator-size-cloud-worker=32768"
    "memorysetup-temp-allocator-size-gi-baking-worker=262144"
    "memorysetup-temp-allocator-size-gfx=262144"
Player connection [15328] Host "[IP] 192.168.1.107 [Port] 0 [Flags] 2 [Guid] 2829486677 [EditorId] 2829486677 [Version] 1048832 [Id] WindowsEditor(7,DESKTOP-S0QU8RV) [Debug] 1 [PackageName] WindowsEditor [ProjectName] Editor" joined multi-casting on [225.0.0.222:54997]...

Player connection [15328] Host "[IP] 192.168.1.107 [Port] 0 [Flags] 2 [Guid] 2829486677 [EditorId] 2829486677 [Version] 1048832 [Id] WindowsEditor(7,DESKTOP-S0QU8RV) [Debug] 1 [PackageName] WindowsEditor [ProjectName] Editor" joined alternative multi-casting on [225.0.0.222:34997]...

Refreshing native plugins compatible for Editor in 204.13 ms, found 12 plugins.
Preloading 1 native plugins for Editor in 1.20 ms.
Initialize engine version: 2021.3.29f1 (204d6dc9ae1c)
[Subsystems] Discovering subsystems at path C:/Program Files/Unity/Hub/Editor/2021.3.29f1/Editor/Data/Resources/UnitySubsystems
[Subsystems] Discovering subsystems at path C:/Users/Kiki/Documents/UNAM/semestre10/compugraf/Proyecto/V3/Proyecto/BatallaNaval/Assets
GfxDevice: creating device client; threaded=0; jobified=0
Direct3D:
    Version:  Direct3D 11.0 [level 11.0]
    Renderer: NVIDIA GeForce GTX 750 Ti (ID=0x1380)
    Vendor:   NVIDIA
    VRAM:     2006 MB
    Driver:   31.0.15.3623
Initialize mono
Mono path[0] = 'C:/Program Files/Unity/Hub/Editor/2021.3.29f1/Editor/Data/Managed'
Mono path[1] = 'C:/Program Files/Unity/Hub/Editor/2021.3.29f1/Editor/Data/MonoBleedingEdge/lib/mono/unityjit-win32'
Mono config path = 'C:/Program Files/Unity/Hub/Editor/2021.3.29f1/Editor/Data/MonoBleedingEdge/etc'
Using monoOptions --debugger-agent=transport=dt_socket,embedding=1,server=y,suspend=n,address=127.0.0.1:56716
Begin MonoManager ReloadAssembly
Registering precompiled unity dll's ...
Register platform support module: C:/Program Files/Unity/Hub/Editor/2021.3.29f1/Editor/Data/PlaybackEngines/AndroidPlayer/UnityEditor.Android.Extensions.dll
Register platform support module: C:/Program Files/Unity/Hub/Editor/2021.3.29f1/Editor/Data/PlaybackEngines/WindowsStandaloneSupport/UnityEditor.WindowsStandalone.Extensions.dll
Registered in 0.048760 seconds.
Native extension for WindowsStandalone target not found
Native extension for Android target not found
Android Extension - Scanning For ADB Devices 722 ms
Refreshing native plugins compatible for Editor in 147.57 ms, found 12 plugins.
Preloading 1 native plugins for Editor in 0.22 ms.
Mono: successfully reloaded assembly
- Completed reload, in  2.504 seconds
Domain Reload Profiling:
	ReloadAssembly (2505ms)
		BeginReloadAssembly (261ms)
			ExecutionOrderSort (0ms)
			DisableScriptedObjects (0ms)
			BackupInstance (0ms)
			ReleaseScriptingObjects (0ms)
			CreateAndSetChildDomain (1ms)
		EndReloadAssembly (1901ms)
			LoadAssemblies (260ms)
			RebuildTransferFunctionScriptingTraits (0ms)
			SetupTypeCache (285ms)
			ReleaseScriptCaches (0ms)
			RebuildScriptCaches (69ms)
			SetupLoadedEditorAssemblies (1383ms)
				LogAssemblyErrors (0ms)
				InitializePlatformSupportModulesInManaged (919ms)
				SetLoadedEditorAssemblies (0ms)
				RefreshPlugins (148ms)
				BeforeProcessingInitializeOnLoad (2ms)
				ProcessInitializeOnLoadAttributes (192ms)
				ProcessInitializeOnLoadMethodAttributes (121ms)
				AfterProcessingInitializeOnLoad (0ms)
				EditorAssembliesLoaded (0ms)
			ExecutionOrderSort2 (0ms)
			AwakeInstancesAfterBackupRestoration (0ms)
Platform modules already initialized, skipping
Registering precompiled user dll's ...
Registered in 0.046214 seconds.
Begin MonoManager ReloadAssembly
Symbol file LoadedFromMemory doesn't match image C:\Users\Kiki\Documents\UNAM\semestre10\compugraf\Proyecto\V3\Proyecto\BatallaNaval\Library\PackageCache\com.unity.visualscripting@1.8.0\Editor\VisualScripting.Core\Dependencies\DotNetZip\Unity.VisualScripting.IonicZip.dll
Symbol file LoadedFromMemory doesn't match image C:\Users\Kiki\Documents\UNAM\semestre10\compugraf\Proyecto\V3\Proyecto\BatallaNaval\Library\PackageCache\com.unity.visualscripting@1.8.0\Editor\VisualScripting.Core\Dependencies\YamlDotNet\Unity.VisualScripting.YamlDotNet.dll
Native extension for WindowsStandalone target not found
Native extension for Android target not found
Refreshing native plugins compatible for Editor in 164.84 ms, found 12 plugins.
Preloading 1 native plugins for Editor in 0.40 ms.
Package Manager log level set to [2]
System.Reflection.TargetInvocationException: Exception has been thrown by the target of an invocation. ---> System.NullReferenceException: Object reference not set to an instance of an object
  at Unity.XR.Oculus.OculusLoader.AssetPathToAbsolutePath (System.String assetPath) [0x0003d] in C:\Users\Kiki\Documents\UNAM\semestre10\compugraf\Proyecto\V3\Proyecto\BatallaNaval\Library\PackageCache\com.unity.xr.oculus@3.3.0\Runtime\OculusLoader.cs:282 
  at Unity.XR.Oculus.OculusLoader.EditorLoadOVRPlugin () [0x0007b] in C:\Users\Kiki\Documents\UNAM\semestre10\compugraf\Proyecto\V3\Proyecto\BatallaNaval\Library\PackageCache\com.unity.xr.oculus@3.3.0\Runtime\OculusLoader.cs:267 
  at (wrapper managed-to-native) System.Reflection.RuntimeMethodInfo.InternalInvoke(System.Reflection.RuntimeMethodInfo,object,object[],System.Exception&)
  at System.Reflection.RuntimeMethodInfo.Invoke (System.Object obj, System.Reflection.BindingFlags invokeAttr, System.Reflection.Binder binder, System.Object[] parameters, System.Globalization.CultureInfo culture) [0x0006a] in <47fc8c70fa834cbf8141d7c1a7589125>:0 
   --- End of inner exception stack trace ---
  at System.Reflection.RuntimeMethodInfo.Invoke (System.Object obj, System.Reflection.BindingFlags invokeAttr, System.Reflection.Binder binder, System.Object[] parameters, System.Globalization.CultureInfo culture) [0x00083] in <47fc8c70fa834cbf8141d7c1a7589125>:0 
  at System.Reflection.MethodBase.Invoke (System.Object obj, System.Object[] parameters) [0x00000] in <47fc8c70fa834cbf8141d7c1a7589125>:0 
  at UnityEditor.EditorAssemblies.ProcessInitializeOnLoadMethodAttributes () [0x000a5] in <1e8c82ffe64a4e1d8e997fa7e5933f70>:0 
UnityEngine.StackTraceUtility:ExtractStackTrace ()
UnityEngine.DebugLogHandler:LogFormat (UnityEngine.LogType,UnityEngine.Object,string,object[])
UnityEngine.Logger:Log (UnityEngine.LogType,object)
UnityEngine.Debug:LogError (object)
UnityEditor.EditorAssemblies:ProcessInitializeOnLoadMethodAttributes ()

Mono: successfully reloaded assembly
- Completed reload, in  5.624 seconds
Domain Reload Profiling:
	ReloadAssembly (5625ms)
		BeginReloadAssembly (292ms)
			ExecutionOrderSort (0ms)
			DisableScriptedObjects (13ms)
			BackupInstance (0ms)
			ReleaseScriptingObjects (0ms)
			CreateAndSetChildDomain (37ms)
		EndReloadAssembly (5077ms)
			LoadAssemblies (282ms)
			RebuildTransferFunctionScriptingTraits (0ms)
			SetupTypeCache (621ms)
			ReleaseScriptCaches (1ms)
			RebuildScriptCaches (116ms)
			SetupLoadedEditorAssemblies (3977ms)
				LogAssemblyErrors (0ms)
				InitializePlatformSupportModulesInManaged (44ms)
				SetLoadedEditorAssemblies (0ms)
				RefreshPlugins (165ms)
				BeforeProcessingInitializeOnLoad (233ms)
				ProcessInitializeOnLoadAttributes (542ms)
				ProcessInitializeOnLoadMethodAttributes (2955ms)
				AfterProcessingInitializeOnLoad (37ms)
				EditorAssembliesLoaded (0ms)
			ExecutionOrderSort2 (0ms)
			AwakeInstancesAfterBackupRestoration (24ms)
Platform modules already initialized, skipping
========================================================================
Worker process is ready to serve import requests
Launched and connected shader compiler UnityShaderCompiler.exe after 0.16 seconds
Refreshing native plugins compatible for Editor in 1.05 ms, found 12 plugins.
Preloading 1 native plugins for Editor in 0.18 ms.
Unloading 3969 Unused Serialized files (Serialized files now loaded: 0)
Unloading 56 unused Assets / (47.4 KB). Loaded Objects now: 4424.
Memory consumption went from 146.0 MB to 146.0 MB.
Total: 4.444800 ms (FindLiveObjects: 0.406700 ms CreateObjectMapping: 0.249900 ms MarkObjects: 3.665800 ms  DeleteObjects: 0.121300 ms)

AssetImportParameters requested are different than current active one (requested -> active):
  custom:video-decoder-ogg-theora: a1e56fd34408186e4bbccfd4996cb3dc -> 
  custom:container-muxer-webm: aa71ff27fc2769a1b78a27578f13a17b -> 
  custom:container-demuxer-webm: 4f35f7cbe854078d1ac9338744f61a02 -> 
  custom:video-encoder-webm-vp8: eb34c28f22e8b96e1ab97ce403110664 -> 
  custom:CustomObjectIndexerAttribute: bc11b3a6c3213fcdd17b65e7da85e133 -> 
  custom:audio-encoder-webm-vorbis: bf7c407c2cedff20999df2af8eb42d56 -> 
  custom:framework-win-MediaFoundation: 216162199b28c13a410421893ffa2e32 -> 
  custom:container-demuxer-ogg: 62fdf1f143b41e24485cea50d1cbac27 -> 
  custom:video-decoder-webm-vp8: 9c59270c3fd7afecdb556c50c9e8de78 -> 
  custom:audio-decoder-ogg-vorbis: bf7c407c2cedff20999df2af8eb42d56 -> 
========================================================================
Received Import Request.
  Time since last request: 31603.602850 seconds.
  path: Assets/Scenes/SampleScene.unity
  artifactKey: Guid(9fc0d4010bbf28b4594072e72b8655ab) Importer(815301076,1909f56bfc062723c751e8b465ee728b)
Start importing Assets/Scenes/SampleScene.unity using Guid(9fc0d4010bbf28b4594072e72b8655ab) Importer(815301076,1909f56bfc062723c751e8b465ee728b)  -> (artifact id: '3f731f10d5e5b7545d0db0c1188a6011') in 0.013628 seconds 
========================================================================
Received Import Request.
  Time since last request: 18.103235 seconds.
  path: Assets/Scenes
  artifactKey: Guid(0cc1b79de78bc4991892d4d342d7211a) Importer(815301076,1909f56bfc062723c751e8b465ee728b)
Start importing Assets/Scenes using Guid(0cc1b79de78bc4991892d4d342d7211a) Importer(815301076,1909f56bfc062723c751e8b465ee728b)  -> (artifact id: '464905cf348a3030ff915904016b0176') in 0.006943 seconds 
========================================================================
Received Import Request.
  Time since last request: 19.702945 seconds.
  path: Assets/Scenes/MainMenu.unity
  artifactKey: Guid(80cb709035cf4ac42a14ae8f57ab7e50) Importer(815301076,1909f56bfc062723c751e8b465ee728b)
Start importing Assets/Scenes/MainMenu.unity using Guid(80cb709035cf4ac42a14ae8f57ab7e50) Importer(815301076,1909f56bfc062723c751e8b465ee728b)  -> (artifact id: '52d0c16d5ad4e46c169255b2e20d328d') in 0.009309 seconds 
========================================================================
Received Import Request.
  Time since last request: 103.416824 seconds.
  path: Assets/ExampleAssets/Materials/Skybox Light.mat
  artifactKey: Guid(3a408e788dcbed6429c8d22a01b32a76) Importer(815301076,1909f56bfc062723c751e8b465ee728b)
Start importing Assets/ExampleAssets/Materials/Skybox Light.mat using Guid(3a408e788dcbed6429c8d22a01b32a76) Importer(815301076,1909f56bfc062723c751e8b465ee728b)  -> (artifact id: 'b6d74b6e460800bff9d06a5f63b1ee5c') in 0.141624 seconds 
========================================================================
Received Import Request.
  Time since last request: 493.369664 seconds.
  path: Assets/ExampleAssets/Models
  artifactKey: Guid(4a0dd92c4753243b18b4100cf4991b5b) Importer(815301076,1909f56bfc062723c751e8b465ee728b)
Start importing Assets/ExampleAssets/Models using Guid(4a0dd92c4753243b18b4100cf4991b5b) Importer(815301076,1909f56bfc062723c751e8b465ee728b)  -> (artifact id: 'db20ab0114199690f5053c1bf1416a04') in 0.009326 seconds 
========================================================================
Received Import Request.
  Time since last request: 0.239367 seconds.
  path: Assets/ExampleAssets/Models/XRControllerLeft.fbx
  artifactKey: Guid(e48d18018a0ba46c283d9fd9c227e578) Importer(815301076,1909f56bfc062723c751e8b465ee728b)
Start importing Assets/ExampleAssets/Models/XRControllerLeft.fbx using Guid(e48d18018a0ba46c283d9fd9c227e578) Importer(815301076,1909f56bfc062723c751e8b465ee728b)  -> (artifact id: 'a2abb34e395e71f8fcdba0ba58071114') in 0.347398 seconds 
========================================================================
Received Import Request.
  Time since last request: 0.000044 seconds.
  path: Assets/ExampleAssets/Models/XRControllerRight.fbx
  artifactKey: Guid(2d10b9b89f2474de9800b152c3d00004) Importer(815301076,1909f56bfc062723c751e8b465ee728b)
Start importing Assets/ExampleAssets/Models/XRControllerRight.fbx using Guid(2d10b9b89f2474de9800b152c3d00004) Importer(815301076,1909f56bfc062723c751e8b465ee728b)  -> (artifact id: '688f0566d4e77e6e1c4fd36fc47ba27d') in 0.093942 seconds 
========================================================================
Received Import Request.
  Time since last request: 56.939242 seconds.
  path: Assets/ExampleAssets/Materials/Controller.mat
  artifactKey: Guid(3d2e36aacd7dc084b96e0755f1af4137) Importer(815301076,1909f56bfc062723c751e8b465ee728b)
Start importing Assets/ExampleAssets/Materials/Controller.mat using Guid(3d2e36aacd7dc084b96e0755f1af4137) Importer(815301076,1909f56bfc062723c751e8b465ee728b)  -> (artifact id: '00c5ad4782cb3d717d9685cc33028d7f') in 0.058611 seconds 
========================================================================
Received Import Request.
  Time since last request: 0.000064 seconds.
  path: Assets/ExampleAssets/Materials/Grid.mat
  artifactKey: Guid(3f9336a53d1d2ea43895699cc52cb411) Importer(815301076,1909f56bfc062723c751e8b465ee728b)
Start importing Assets/ExampleAssets/Materials/Grid.mat using Guid(3f9336a53d1d2ea43895699cc52cb411) Importer(815301076,1909f56bfc062723c751e8b465ee728b)  -> (artifact id: '37fb4a6ffb78a87e87ea158b7a25cf1f') in 0.027979 seconds 
========================================================================
Received Import Request.
  Time since last request: 1.452562 seconds.
  path: Assets/ExampleAssets/Prefabs/XRControllerLeft.prefab
  artifactKey: Guid(5b158b94c373d4b4f9e98cdb92789343) Importer(815301076,1909f56bfc062723c751e8b465ee728b)
Start importing Assets/ExampleAssets/Prefabs/XRControllerLeft.prefab using Guid(5b158b94c373d4b4f9e98cdb92789343) Importer(815301076,1909f56bfc062723c751e8b465ee728b)  -> (artifact id: '1c085486c0784d84097f0314cab5680d') in 0.029285 seconds 
========================================================================
Received Import Request.
  Time since last request: 0.000034 seconds.
  path: Assets/ExampleAssets/Prefabs/XRControllerRight.prefab
  artifactKey: Guid(1f4d373a613d0466fbd8849470265852) Importer(815301076,1909f56bfc062723c751e8b465ee728b)
Start importing Assets/ExampleAssets/Prefabs/XRControllerRight.prefab using Guid(1f4d373a613d0466fbd8849470265852) Importer(815301076,1909f56bfc062723c751e8b465ee728b)  -> (artifact id: '4dbc4ef932edb4bbbb7581bd8013f39a') in 0.027073 seconds 
========================================================================
Received Import Request.
  Time since last request: 0.453634 seconds.
  path: Assets/ExampleAssets/Textures/Grid_Light_512x512.png
  artifactKey: Guid(a5888ab2610a91d40a5deefc40b7bfe4) Importer(815301076,1909f56bfc062723c751e8b465ee728b)
Start importing Assets/ExampleAssets/Textures/Grid_Light_512x512.png using Guid(a5888ab2610a91d40a5deefc40b7bfe4) Importer(815301076,1909f56bfc062723c751e8b465ee728b)  -> (artifact id: '85c348611481826e531bfc8f4fcc97da') in 0.075671 seconds 
========================================================================
Received Import Request.
  Time since last request: 0.320142 seconds.
  path: Assets/ExampleAssets/Tutorial/VRTutorialContainer.asset
  artifactKey: Guid(66a752886585f42d5b39f6f643d399f9) Importer(815301076,1909f56bfc062723c751e8b465ee728b)
Start importing Assets/ExampleAssets/Tutorial/VRTutorialContainer.asset using Guid(66a752886585f42d5b39f6f643d399f9) Importer(815301076,1909f56bfc062723c751e8b465ee728b)  -> (artifact id: '20eb564fedb7b56370c4e5e2cd71870d') in 0.031118 seconds 
========================================================================
Received Import Request.
  Time since last request: 0.000033 seconds.
  path: Assets/ExampleAssets/Tutorial/VRTutorialStyle.asset
  artifactKey: Guid(148a9beb0fa9a4026a837fad3a14e6a4) Importer(815301076,1909f56bfc062723c751e8b465ee728b)
Start importing Assets/ExampleAssets/Tutorial/VRTutorialStyle.asset using Guid(148a9beb0fa9a4026a837fad3a14e6a4) Importer(815301076,1909f56bfc062723c751e8b465ee728b)  -> (artifact id: '029a5f68afe0fceffaf34ad532e20933') in 0.010724 seconds 
========================================================================
Received Import Request.
  Time since last request: 0.000035 seconds.
  path: Assets/ExampleAssets/Tutorial/VRTutorialWelcomePage.asset
  artifactKey: Guid(3bf5c60804f704e11826afa05a7e2152) Importer(815301076,1909f56bfc062723c751e8b465ee728b)
Start importing Assets/ExampleAssets/Tutorial/VRTutorialWelcomePage.asset using Guid(3bf5c60804f704e11826afa05a7e2152) Importer(815301076,1909f56bfc062723c751e8b465ee728b)  -> (artifact id: 'fe007e0898a0efbbee3e165a800ec596') in 0.013920 seconds 
========================================================================
Received Import Request.
  Time since last request: 0.000028 seconds.
  path: Assets/ExampleAssets/Tutorial/VRTutorialProjectSettings.asset
  artifactKey: Guid(76b4acc4d12394f60a5accbec43ae2a7) Importer(815301076,1909f56bfc062723c751e8b465ee728b)
Start importing Assets/ExampleAssets/Tutorial/VRTutorialProjectSettings.asset using Guid(76b4acc4d12394f60a5accbec43ae2a7) Importer(815301076,1909f56bfc062723c751e8b465ee728b)  -> (artifact id: 'e04c56407369de874c2983d307a806b7') in 0.014747 seconds 
========================================================================
Received Prepare
Registering precompiled user dll's ...
Registered in 0.066719 seconds.
Begin MonoManager ReloadAssembly
Symbol file LoadedFromMemory doesn't match image C:\Users\Kiki\Documents\UNAM\semestre10\compugraf\Proyecto\V3\Proyecto\BatallaNaval\Library\PackageCache\com.unity.visualscripting@1.8.0\Editor\VisualScripting.Core\Dependencies\DotNetZip\Unity.VisualScripting.IonicZip.dll
Symbol file LoadedFromMemory doesn't match image C:\Users\Kiki\Documents\UNAM\semestre10\compugraf\Proyecto\V3\Proyecto\BatallaNaval\Library\PackageCache\com.unity.visualscripting@1.8.0\Editor\VisualScripting.Core\Dependencies\YamlDotNet\Unity.VisualScripting.YamlDotNet.dll
Native extension for WindowsStandalone target not found
Native extension for Android target not found
Refreshing native plugins compatible for Editor in 1.40 ms, found 12 plugins.
Preloading 1 native plugins for Editor in 0.23 ms.
System.Reflection.TargetInvocationException: Exception has been thrown by the target of an invocation. ---> System.NullReferenceException: Object reference not set to an instance of an object
  at Unity.XR.Oculus.OculusLoader.AssetPathToAbsolutePath (System.String assetPath) [0x0003d] in C:\Users\Kiki\Documents\UNAM\semestre10\compugraf\Proyecto\V3\Proyecto\BatallaNaval\Library\PackageCache\com.unity.xr.oculus@3.3.0\Runtime\OculusLoader.cs:282 
  at Unity.XR.Oculus.OculusLoader.EditorLoadOVRPlugin () [0x0007b] in C:\Users\Kiki\Documents\UNAM\semestre10\compugraf\Proyecto\V3\Proyecto\BatallaNaval\Library\PackageCache\com.unity.xr.oculus@3.3.0\Runtime\OculusLoader.cs:267 
  at (wrapper managed-to-native) System.Reflection.RuntimeMethodInfo.InternalInvoke(System.Reflection.RuntimeMethodInfo,object,object[],System.Exception&)
  at System.Reflection.RuntimeMethodInfo.Invoke (System.Object obj, System.Reflection.BindingFlags invokeAttr, System.Reflection.Binder binder, System.Object[] parameters, System.Globalization.CultureInfo culture) [0x0006a] in <47fc8c70fa834cbf8141d7c1a7589125>:0 
   --- End of inner exception stack trace ---
  at System.Reflection.RuntimeMethodInfo.Invoke (System.Object obj, System.Reflection.BindingFlags invokeAttr, System.Reflection.Binder binder, System.Object[] parameters, System.Globalization.CultureInfo culture) [0x00083] in <47fc8c70fa834cbf8141d7c1a7589125>:0 
  at System.Reflection.MethodBase.Invoke (System.Object obj, System.Object[] parameters) [0x00000] in <47fc8c70fa834cbf8141d7c1a7589125>:0 
  at UnityEditor.EditorAssemblies.ProcessInitializeOnLoadMethodAttributes () [0x000a5] in <1e8c82ffe64a4e1d8e997fa7e5933f70>:0 
UnityEngine.StackTraceUtility:ExtractStackTrace ()
UnityEngine.DebugLogHandler:LogFormat (UnityEngine.LogType,UnityEngine.Object,string,object[])
UnityEngine.Logger:Log (UnityEngine.LogType,object)
UnityEngine.Debug:LogError (object)
UnityEditor.EditorAssemblies:ProcessInitializeOnLoadMethodAttributes ()

Mono: successfully reloaded assembly
- Completed reload, in  1.895 seconds
Domain Reload Profiling:
	ReloadAssembly (1896ms)
		BeginReloadAssembly (313ms)
			ExecutionOrderSort (0ms)
			DisableScriptedObjects (8ms)
			BackupInstance (0ms)
			ReleaseScriptingObjects (0ms)
			CreateAndSetChildDomain (67ms)
		EndReloadAssembly (1333ms)
			LoadAssemblies (268ms)
			RebuildTransferFunctionScriptingTraits (0ms)
			SetupTypeCache (398ms)
			ReleaseScriptCaches (2ms)
			RebuildScriptCaches (53ms)
			SetupLoadedEditorAssemblies (575ms)
				LogAssemblyErrors (0ms)
				InitializePlatformSupportModulesInManaged (37ms)
				SetLoadedEditorAssemblies (1ms)
				RefreshPlugins (2ms)
				BeforeProcessingInitializeOnLoad (132ms)
				ProcessInitializeOnLoadAttributes (300ms)
				ProcessInitializeOnLoadMethodAttributes (75ms)
				AfterProcessingInitializeOnLoad (28ms)
				EditorAssembliesLoaded (0ms)
			ExecutionOrderSort2 (0ms)
			AwakeInstancesAfterBackupRestoration (17ms)
Platform modules already initialized, skipping
Refreshing native plugins compatible for Editor in 14.30 ms, found 12 plugins.
Preloading 1 native plugins for Editor in 0.15 ms.
Unloading 3942 Unused Serialized files (Serialized files now loaded: 0)
Unloading 46 unused Assets / (23.0 KB). Loaded Objects now: 4473.
Memory consumption went from 145.3 MB to 145.2 MB.
Total: 3.885600 ms (FindLiveObjects: 0.332400 ms CreateObjectMapping: 0.184000 ms MarkObjects: 3.321800 ms  DeleteObjects: 0.046100 ms)

AssetImportParameters requested are different than current active one (requested -> active):
  custom:video-decoder-ogg-theora: a1e56fd34408186e4bbccfd4996cb3dc -> 
  custom:container-muxer-webm: aa71ff27fc2769a1b78a27578f13a17b -> 
  custom:container-demuxer-webm: 4f35f7cbe854078d1ac9338744f61a02 -> 
  custom:video-encoder-webm-vp8: eb34c28f22e8b96e1ab97ce403110664 -> 
  custom:CustomObjectIndexerAttribute: bc11b3a6c3213fcdd17b65e7da85e133 -> 
  custom:audio-encoder-webm-vorbis: bf7c407c2cedff20999df2af8eb42d56 -> 
  custom:framework-win-MediaFoundation: 216162199b28c13a410421893ffa2e32 -> 
  custom:container-demuxer-ogg: 62fdf1f143b41e24485cea50d1cbac27 -> 
  custom:video-decoder-webm-vp8: 9c59270c3fd7afecdb556c50c9e8de78 -> 
  custom:audio-decoder-ogg-vorbis: bf7c407c2cedff20999df2af8eb42d56 -> 
========================================================================
Received Import Request.
  Time since last request: 57.817410 seconds.
  path: Assets/Modelos
  artifactKey: Guid(7e23ff1cf92d0a5429e59341bea3eccb) Importer(815301076,1909f56bfc062723c751e8b465ee728b)
Start importing Assets/Modelos using Guid(7e23ff1cf92d0a5429e59341bea3eccb) Importer(815301076,1909f56bfc062723c751e8b465ee728b)  -> (artifact id: '2741f3fe2c3644c690b25ee889ea1197') in 0.012390 seconds 
========================================================================
Received Import Request.
  Time since last request: 1.665907 seconds.
  path: Assets/Materiales
  artifactKey: Guid(2d5a3331ae360ab49bde6cc1dadd56f6) Importer(815301076,1909f56bfc062723c751e8b465ee728b)
Start importing Assets/Materiales using Guid(2d5a3331ae360ab49bde6cc1dadd56f6) Importer(815301076,1909f56bfc062723c751e8b465ee728b)  -> (artifact id: 'fe8350019cd360e0e2b44c7385b1d599') in 0.006955 seconds 
========================================================================
Received Import Request.
  Time since last request: 0.067809 seconds.
  path: Assets/Materiales/asphalt_02_diff_4k.jpg
  artifactKey: Guid(08cb88ecdb4130d42bc5d69d80726fe0) Importer(815301076,1909f56bfc062723c751e8b465ee728b)
Start importing Assets/Materiales/asphalt_02_diff_4k.jpg using Guid(08cb88ecdb4130d42bc5d69d80726fe0) Importer(815301076,1909f56bfc062723c751e8b465ee728b)  -> (artifact id: '488c7487f2bf26159313ab691d20a4ea') in 0.092493 seconds 
========================================================================
Received Import Request.
  Time since last request: 0.000027 seconds.
  path: Assets/Materiales/asphalt_02_nor_gl_4k.exr
  artifactKey: Guid(09f68e8137ccdff409a0581fd8de6679) Importer(815301076,1909f56bfc062723c751e8b465ee728b)
Start importing Assets/Materiales/asphalt_02_nor_gl_4k.exr using Guid(09f68e8137ccdff409a0581fd8de6679) Importer(815301076,1909f56bfc062723c751e8b465ee728b)  -> (artifact id: '430f2112d2819f0d1ca05bea8b64db46') in 0.069941 seconds 
========================================================================
Received Import Request.
  Time since last request: 0.000040 seconds.
  path: Assets/Materiales/asphalt_02_disp_4k.png
  artifactKey: Guid(9e49ee226d5ec9a448c05ebce0602a94) Importer(815301076,1909f56bfc062723c751e8b465ee728b)
Start importing Assets/Materiales/asphalt_02_disp_4k.png using Guid(9e49ee226d5ec9a448c05ebce0602a94) Importer(815301076,1909f56bfc062723c751e8b465ee728b)  -> (artifact id: 'da51570d01dabb1f6716e0c94c522dc1') in 0.068792 seconds 
========================================================================
Received Import Request.
  Time since last request: 0.000024 seconds.
  path: Assets/Materiales/asphalt_02_rough_4k.jpg
  artifactKey: Guid(3412dc782c5ae0d4b8b1cc8940816b4b) Importer(815301076,1909f56bfc062723c751e8b465ee728b)
Start importing Assets/Materiales/asphalt_02_rough_4k.jpg using Guid(3412dc782c5ae0d4b8b1cc8940816b4b) Importer(815301076,1909f56bfc062723c751e8b465ee728b)  -> (artifact id: 'b39ff430c92aa309d7375203a434e451') in 0.046993 seconds 
========================================================================
Received Import Request.
  Time since last request: 15.048865 seconds.
  path: Assets/Materiales/Piso.mat
  artifactKey: Guid(4e64c3919def9464991f282bdc39045a) Importer(815301076,1909f56bfc062723c751e8b465ee728b)
Start importing Assets/Materiales/Piso.mat using Guid(4e64c3919def9464991f282bdc39045a) Importer(815301076,1909f56bfc062723c751e8b465ee728b)  -> (artifact id: '51933f97d1611f8de72f5cb191e9c0e8') in 0.075381 seconds 
========================================================================
Received Import Request.
  Time since last request: 151.490114 seconds.
  path: Assets/Materiales/asphalt_02_nor_gl_4k.exr
  artifactKey: Guid(09f68e8137ccdff409a0581fd8de6679) Importer(815301076,1909f56bfc062723c751e8b465ee728b)
Start importing Assets/Materiales/asphalt_02_nor_gl_4k.exr using Guid(09f68e8137ccdff409a0581fd8de6679) Importer(815301076,1909f56bfc062723c751e8b465ee728b)  -> (artifact id: '5e5967fb67f59b766158fc4a8d39465b') in 0.063967 seconds 
========================================================================
Received Import Request.
  Time since last request: 47.300722 seconds.
  path: Assets/ExampleAssets/Tutorial/Images/1-welcome-screen-image.png
  artifactKey: Guid(11e34d76fce7843be984510eca5c9139) Importer(815301076,1909f56bfc062723c751e8b465ee728b)
Start importing Assets/ExampleAssets/Tutorial/Images/1-welcome-screen-image.png using Guid(11e34d76fce7843be984510eca5c9139) Importer(815301076,1909f56bfc062723c751e8b465ee728b)  -> (artifact id: '54557f148d8b141fa469f0c9ebff1069') in 0.067705 seconds 
========================================================================
Received Import Request.
  Time since last request: 0.000034 seconds.
  path: Assets/Modelos/Destructores/Destructor1/BM024_Depth_Charge_Thrower_622.mat
  artifactKey: Guid(deaa3c436bb830d44b3d18246d415c13) Importer(815301076,1909f56bfc062723c751e8b465ee728b)
Start importing Assets/Modelos/Destructores/Destructor1/BM024_Depth_Charge_Thrower_622.mat using Guid(deaa3c436bb830d44b3d18246d415c13) Importer(815301076,1909f56bfc062723c751e8b465ee728b)  -> (artifact id: '2ea5def54eee592c1f5cb1c2a87af147') in 0.030351 seconds 
========================================================================
Received Import Request.
  Time since last request: 0.000030 seconds.
  path: Assets/Modelos/Destructores/Destructor1/BM522_Motor_Cutter_25ft_453.mat
  artifactKey: Guid(ec57e6b6252712644b3a5095eed60e3e) Importer(815301076,1909f56bfc062723c751e8b465ee728b)
Start importing Assets/Modelos/Destructores/Destructor1/BM522_Motor_Cutter_25ft_453.mat using Guid(ec57e6b6252712644b3a5095eed60e3e) Importer(815301076,1909f56bfc062723c751e8b465ee728b)  -> (artifact id: '51991459780793f2b69b68d657956b07') in 0.027242 seconds 
========================================================================
Received Import Request.
  Time since last request: 0.000039 seconds.
  path: Assets/Modelos/Destructores/Destructor1/BM621_Pelorus_Mk7_506.mat
  artifactKey: Guid(de249cbae6628b94ebc7bb3a2ce9e495) Importer(815301076,1909f56bfc062723c751e8b465ee728b)
Start importing Assets/Modelos/Destructores/Destructor1/BM621_Pelorus_Mk7_506.mat using Guid(de249cbae6628b94ebc7bb3a2ce9e495) Importer(815301076,1909f56bfc062723c751e8b465ee728b)  -> (artifact id: '4cca085524c5ae8bb56b6ff15e363b83') in 0.033210 seconds 
========================================================================
Received Import Request.
  Time since last request: 0.000023 seconds.
  path: Assets/Modelos/Destructores/Destructor1/BM709_Locker_249.mat
  artifactKey: Guid(52e610166f9cee940aa09ff8ef55b2dd) Importer(815301076,1909f56bfc062723c751e8b465ee728b)
Start importing Assets/Modelos/Destructores/Destructor1/BM709_Locker_249.mat using Guid(52e610166f9cee940aa09ff8ef55b2dd) Importer(815301076,1909f56bfc062723c751e8b465ee728b)  -> (artifact id: 'ee79e7a2a2985084eab5528f790f9e66') in 0.033196 seconds 
========================================================================
Received Import Request.
  Time since last request: 0.000024 seconds.
  path: Assets/Modelos/Destructores/Destructor1/BM016_Depth_Charge_Roller_Rack_.mat
  artifactKey: Guid(1000b5fb117003e439462c45359ad3f3) Importer(815301076,1909f56bfc062723c751e8b465ee728b)
Start importing Assets/Modelos/Destructores/Destructor1/BM016_Depth_Charge_Roller_Rack_.mat using Guid(1000b5fb117003e439462c45359ad3f3) Importer(815301076,1909f56bfc062723c751e8b465ee728b)  -> (artifact id: '9d5070562689744a7048715097f8434a') in 0.032062 seconds 
========================================================================
Received Import Request.
  Time since last request: 0.000032 seconds.
  path: Assets/Modelos/Destructores/Destructor1/BM519_Motor_Whaler_27ft_684.mat
  artifactKey: Guid(4d74e7993ad8e594d850f4c056073a1d) Importer(815301076,1909f56bfc062723c751e8b465ee728b)
Start importing Assets/Modelos/Destructores/Destructor1/BM519_Motor_Whaler_27ft_684.mat using Guid(4d74e7993ad8e594d850f4c056073a1d) Importer(815301076,1909f56bfc062723c751e8b465ee728b)  -> (artifact id: '9830f75ddb4769a00806392c7644a195') in 0.036402 seconds 
========================================================================
Received Import Request.
  Time since last request: 0.000025 seconds.
  path: Assets/XR/XRGeneralSettings.asset
  artifactKey: Guid(1a4c68ca72a83449f938d669337cb305) Importer(815301076,1909f56bfc062723c751e8b465ee728b)
Start importing Assets/XR/XRGeneralSettings.asset using Guid(1a4c68ca72a83449f938d669337cb305) Importer(815301076,1909f56bfc062723c751e8b465ee728b)  -> (artifact id: '96632b8b47ed2aa4910e15c74391877a') in 0.057138 seconds 
========================================================================
Received Import Request.
  Time since last request: 0.000104 seconds.
  path: Assets/Modelos/Destructores/BarcoPirata/BarcoPirata.jpg
  artifactKey: Guid(d6c2cfd8055d77448a4952f9a6282190) Importer(815301076,1909f56bfc062723c751e8b465ee728b)
Start importing Assets/Modelos/Destructores/BarcoPirata/BarcoPirata.jpg using Guid(d6c2cfd8055d77448a4952f9a6282190) Importer(815301076,1909f56bfc062723c751e8b465ee728b)  -> (artifact id: '72bb4881f78071745295de7ff9bfd5a4') in 0.058869 seconds 
========================================================================
Received Import Request.
  Time since last request: 0.000043 seconds.
  path: Assets/XR/Settings/Open XR Package Settings.asset
  artifactKey: Guid(a9a6963505ddf7f4d886008c6dc86122) Importer(815301076,1909f56bfc062723c751e8b465ee728b)
Start importing Assets/XR/Settings/Open XR Package Settings.asset using Guid(a9a6963505ddf7f4d886008c6dc86122) Importer(815301076,1909f56bfc062723c751e8b465ee728b)  -> (artifact id: 'f3bf798da92d085d37cbec039bc01243') in 0.028716 seconds 
========================================================================
Received Import Request.
  Time since last request: 0.000033 seconds.
  path: Assets/Modelos/Destructores/Destructor1/BM020_Smoke_floats_160.mat
  artifactKey: Guid(27d3ef8c7c90afa4daed48271f663343) Importer(815301076,1909f56bfc062723c751e8b465ee728b)
Start importing Assets/Modelos/Destructores/Destructor1/BM020_Smoke_floats_160.mat using Guid(27d3ef8c7c90afa4daed48271f663343) Importer(815301076,1909f56bfc062723c751e8b465ee728b)  -> (artifact id: '2cef1320fd1bf48ae8d1493e2c75a1be') in 0.049620 seconds 
========================================================================
Received Import Request.
  Time since last request: 0.000023 seconds.
  path: Assets/Modelos/Destructores/Destructor1/BM608_Compass_repeater_916.mat
  artifactKey: Guid(0a9b8dec6be940546a8db68a2421977c) Importer(815301076,1909f56bfc062723c751e8b465ee728b)
Start importing Assets/Modelos/Destructores/Destructor1/BM608_Compass_repeater_916.mat using Guid(0a9b8dec6be940546a8db68a2421977c) Importer(815301076,1909f56bfc062723c751e8b465ee728b)  -> (artifact id: 'b8d27ee704e6cc777330baa9dece1df1') in 0.025542 seconds 
========================================================================
Received Import Request.
  Time since last request: 0.000026 seconds.
  path: Assets/Modelos/Destructores/Destructor1/BM702_Flag_Box_643.mat
  artifactKey: Guid(52a205b0c45a3e84386fe9ef3d02b34f) Importer(815301076,1909f56bfc062723c751e8b465ee728b)
Start importing Assets/Modelos/Destructores/Destructor1/BM702_Flag_Box_643.mat using Guid(52a205b0c45a3e84386fe9ef3d02b34f) Importer(815301076,1909f56bfc062723c751e8b465ee728b)  -> (artifact id: '2b18a9b9ca354771f01e585e0521c2e4') in 0.024876 seconds 
========================================================================
Received Import Request.
  Time since last request: 0.000027 seconds.
  path: Assets/Modelos/Destructores/Destructor1/BM021_Crown_656.mat
  artifactKey: Guid(31315675167d91b4d81917cc341d3427) Importer(815301076,1909f56bfc062723c751e8b465ee728b)
Start importing Assets/Modelos/Destructores/Destructor1/BM021_Crown_656.mat using Guid(31315675167d91b4d81917cc341d3427) Importer(815301076,1909f56bfc062723c751e8b465ee728b)  -> (artifact id: '19c6b344b3218ad166a4c5e6e43f1d7f') in 0.025562 seconds 
========================================================================
Received Import Request.
  Time since last request: 0.000034 seconds.
  path: Assets/Modelos/Misil/textures/10038.jpg_normalmap.jpg
  artifactKey: Guid(475e7e341b319c04b8856347912c3e7b) Importer(815301076,1909f56bfc062723c751e8b465ee728b)
Start importing Assets/Modelos/Misil/textures/10038.jpg_normalmap.jpg using Guid(475e7e341b319c04b8856347912c3e7b) Importer(815301076,1909f56bfc062723c751e8b465ee728b)  -> (artifact id: 'ed3444ad43e6eab1ed795e037f110059') in 0.058460 seconds 
========================================================================
Received Import Request.
  Time since last request: 0.000033 seconds.
  path: Assets/Modelos/Destructores/Destructor1/BM614_Switch_Box_595.mat
  artifactKey: Guid(9685430fd9a132249adbf64875e52c85) Importer(815301076,1909f56bfc062723c751e8b465ee728b)
Start importing Assets/Modelos/Destructores/Destructor1/BM614_Switch_Box_595.mat using Guid(9685430fd9a132249adbf64875e52c85) Importer(815301076,1909f56bfc062723c751e8b465ee728b)  -> (artifact id: '8e7653805d2360b061099f845dc4547f') in 0.026877 seconds 
========================================================================
Received Import Request.
  Time since last request: 0.000038 seconds.
  path: Assets/Modelos/Destructores/Destructor1/BM602_Pelorus_76.mat
  artifactKey: Guid(fbeca702c1fa9b143ae996f8bcf6c01c) Importer(815301076,1909f56bfc062723c751e8b465ee728b)
Start importing Assets/Modelos/Destructores/Destructor1/BM602_Pelorus_76.mat using Guid(fbeca702c1fa9b143ae996f8bcf6c01c) Importer(815301076,1909f56bfc062723c751e8b465ee728b)  -> (artifact id: '103edf86a8a205d72e086417a27fa52d') in 0.026769 seconds 
========================================================================
Received Import Request.
  Time since last request: 0.000034 seconds.
  path: Assets/Modelos/Destructores/Destructor1/BM705_Ammunition_Box_98.mat
  artifactKey: Guid(6d7fa5a90fd24d642be86c983b46b385) Importer(815301076,1909f56bfc062723c751e8b465ee728b)
Start importing Assets/Modelos/Destructores/Destructor1/BM705_Ammunition_Box_98.mat using Guid(6d7fa5a90fd24d642be86c983b46b385) Importer(815301076,1909f56bfc062723c751e8b465ee728b)  -> (artifact id: 'e193acec0d06cf063a4f7c643c8c37ed') in 0.017708 seconds 
========================================================================
Received Import Request.
  Time since last request: 0.000082 seconds.
  path: Assets/Modelos/Destructores/BarcoPirata/BarcoPirata.fbx
  artifactKey: Guid(411061c7c906d5842bcd712fc0dba4f1) Importer(815301076,1909f56bfc062723c751e8b465ee728b)
Start importing Assets/Modelos/Destructores/BarcoPirata/BarcoPirata.fbx using Guid(411061c7c906d5842bcd712fc0dba4f1) Importer(815301076,1909f56bfc062723c751e8b465ee728b)  -> (artifact id: '63053e6c8660f58f31a36058c496c056') in 0.207827 seconds 
========================================================================
Received Prepare
Refreshing native plugins compatible for Editor in 33.51 ms, found 12 plugins.
Preloading 1 native plugins for Editor in 0.17 ms.
Unloading 46 Unused Serialized files (Serialized files now loaded: 0)
Unloading 62 unused Assets / (25.0 KB). Loaded Objects now: 4462.
Memory consumption went from 66.4 MB to 66.4 MB.
Total: 8.611600 ms (FindLiveObjects: 0.408900 ms CreateObjectMapping: 0.353700 ms MarkObjects: 7.515200 ms  DeleteObjects: 0.332700 ms)

AssetImportParameters requested are different than current active one (requested -> active):
  custom:video-decoder-ogg-theora: a1e56fd34408186e4bbccfd4996cb3dc -> 
  custom:container-muxer-webm: aa71ff27fc2769a1b78a27578f13a17b -> 
  custom:container-demuxer-webm: 4f35f7cbe854078d1ac9338744f61a02 -> 
  custom:video-encoder-webm-vp8: eb34c28f22e8b96e1ab97ce403110664 -> 
  custom:CustomObjectIndexerAttribute: bc11b3a6c3213fcdd17b65e7da85e133 -> 
  custom:audio-encoder-webm-vorbis: bf7c407c2cedff20999df2af8eb42d56 -> 
  custom:framework-win-MediaFoundation: 216162199b28c13a410421893ffa2e32 -> 
  custom:container-demuxer-ogg: 62fdf1f143b41e24485cea50d1cbac27 -> 
  custom:video-decoder-webm-vp8: 9c59270c3fd7afecdb556c50c9e8de78 -> 
  custom:audio-decoder-ogg-vorbis: bf7c407c2cedff20999df2af8eb42d56 -> 
========================================================================
Received Prepare
Refreshing native plugins compatible for Editor in 33.76 ms, found 12 plugins.
Preloading 1 native plugins for Editor in 0.20 ms.
Unloading 46 Unused Serialized files (Serialized files now loaded: 0)
Unloading 46 unused Assets / (23.0 KB). Loaded Objects now: 4462.
Memory consumption went from 66.4 MB to 66.4 MB.
Total: 5.328700 ms (FindLiveObjects: 0.345900 ms CreateObjectMapping: 0.185300 ms MarkObjects: 4.740700 ms  DeleteObjects: 0.055400 ms)

AssetImportParameters requested are different than current active one (requested -> active):
  custom:video-decoder-ogg-theora: a1e56fd34408186e4bbccfd4996cb3dc -> 
  custom:container-muxer-webm: aa71ff27fc2769a1b78a27578f13a17b -> 
  custom:container-demuxer-webm: 4f35f7cbe854078d1ac9338744f61a02 -> 
  custom:video-encoder-webm-vp8: eb34c28f22e8b96e1ab97ce403110664 -> 
  custom:CustomObjectIndexerAttribute: bc11b3a6c3213fcdd17b65e7da85e133 -> 
  custom:audio-encoder-webm-vorbis: bf7c407c2cedff20999df2af8eb42d56 -> 
  custom:framework-win-MediaFoundation: 216162199b28c13a410421893ffa2e32 -> 
  custom:container-demuxer-ogg: 62fdf1f143b41e24485cea50d1cbac27 -> 
  custom:video-decoder-webm-vp8: 9c59270c3fd7afecdb556c50c9e8de78 -> 
  custom:audio-decoder-ogg-vorbis: bf7c407c2cedff20999df2af8eb42d56 -> 
========================================================================
Received Prepare
Registering precompiled user dll's ...
Registered in 0.031946 seconds.
Begin MonoManager ReloadAssembly
Symbol file LoadedFromMemory doesn't match image C:\Users\Kiki\Documents\UNAM\semestre10\compugraf\Proyecto\V3\Proyecto\BatallaNaval\Library\PackageCache\com.unity.visualscripting@1.8.0\Editor\VisualScripting.Core\Dependencies\DotNetZip\Unity.VisualScripting.IonicZip.dll
Symbol file LoadedFromMemory doesn't match image C:\Users\Kiki\Documents\UNAM\semestre10\compugraf\Proyecto\V3\Proyecto\BatallaNaval\Library\PackageCache\com.unity.visualscripting@1.8.0\Editor\VisualScripting.Core\Dependencies\YamlDotNet\Unity.VisualScripting.YamlDotNet.dll
Native extension for WindowsStandalone target not found
Native extension for Android target not found
Refreshing native plugins compatible for Editor in 2.09 ms, found 12 plugins.
Preloading 1 native plugins for Editor in 0.23 ms.
System.Reflection.TargetInvocationException: Exception has been thrown by the target of an invocation. ---> System.NullReferenceException: Object reference not set to an instance of an object
  at Unity.XR.Oculus.OculusLoader.AssetPathToAbsolutePath (System.String assetPath) [0x0003d] in C:\Users\Kiki\Documents\UNAM\semestre10\compugraf\Proyecto\V3\Proyecto\BatallaNaval\Library\PackageCache\com.unity.xr.oculus@3.3.0\Runtime\OculusLoader.cs:282 
  at Unity.XR.Oculus.OculusLoader.EditorLoadOVRPlugin () [0x0007b] in C:\Users\Kiki\Documents\UNAM\semestre10\compugraf\Proyecto\V3\Proyecto\BatallaNaval\Library\PackageCache\com.unity.xr.oculus@3.3.0\Runtime\OculusLoader.cs:267 
  at (wrapper managed-to-native) System.Reflection.RuntimeMethodInfo.InternalInvoke(System.Reflection.RuntimeMethodInfo,object,object[],System.Exception&)
  at System.Reflection.RuntimeMethodInfo.Invoke (System.Object obj, System.Reflection.BindingFlags invokeAttr, System.Reflection.Binder binder, System.Object[] parameters, System.Globalization.CultureInfo culture) [0x0006a] in <47fc8c70fa834cbf8141d7c1a7589125>:0 
   --- End of inner exception stack trace ---
  at System.Reflection.RuntimeMethodInfo.Invoke (System.Object obj, System.Reflection.BindingFlags invokeAttr, System.Reflection.Binder binder, System.Object[] parameters, System.Globalization.CultureInfo culture) [0x00083] in <47fc8c70fa834cbf8141d7c1a7589125>:0 
  at System.Reflection.MethodBase.Invoke (System.Object obj, System.Object[] parameters) [0x00000] in <47fc8c70fa834cbf8141d7c1a7589125>:0 
  at UnityEditor.EditorAssemblies.ProcessInitializeOnLoadMethodAttributes () [0x000a5] in <1e8c82ffe64a4e1d8e997fa7e5933f70>:0 
UnityEngine.StackTraceUtility:ExtractStackTrace ()
UnityEngine.DebugLogHandler:LogFormat (UnityEngine.LogType,UnityEngine.Object,string,object[])
UnityEngine.Logger:Log (UnityEngine.LogType,object)
UnityEngine.Debug:LogError (object)
UnityEditor.EditorAssemblies:ProcessInitializeOnLoadMethodAttributes ()

Mono: successfully reloaded assembly
- Completed reload, in  2.311 seconds
Domain Reload Profiling:
	ReloadAssembly (2312ms)
		BeginReloadAssembly (284ms)
			ExecutionOrderSort (0ms)
			DisableScriptedObjects (6ms)
			BackupInstance (0ms)
			ReleaseScriptingObjects (0ms)
			CreateAndSetChildDomain (62ms)
		EndReloadAssembly (1827ms)
			LoadAssemblies (231ms)
			RebuildTransferFunctionScriptingTraits (0ms)
			SetupTypeCache (477ms)
			ReleaseScriptCaches (2ms)
			RebuildScriptCaches (84ms)
			SetupLoadedEditorAssemblies (936ms)
				LogAssemblyErrors (0ms)
				InitializePlatformSupportModulesInManaged (91ms)
				SetLoadedEditorAssemblies (1ms)
				RefreshPlugins (3ms)
				BeforeProcessingInitializeOnLoad (330ms)
				ProcessInitializeOnLoadAttributes (399ms)
				ProcessInitializeOnLoadMethodAttributes (83ms)
				AfterProcessingInitializeOnLoad (28ms)
				EditorAssembliesLoaded (0ms)
			ExecutionOrderSort2 (0ms)
			AwakeInstancesAfterBackupRestoration (17ms)
Platform modules already initialized, skipping
Refreshing native plugins compatible for Editor in 14.48 ms, found 12 plugins.
Preloading 1 native plugins for Editor in 0.15 ms.
Unloading 3943 Unused Serialized files (Serialized files now loaded: 0)
Unloading 49 unused Assets / (23.0 KB). Loaded Objects now: 4462.
Memory consumption went from 145.2 MB to 145.2 MB.
Total: 4.980700 ms (FindLiveObjects: 0.340800 ms CreateObjectMapping: 0.168100 ms MarkObjects: 4.289000 ms  DeleteObjects: 0.181700 ms)

AssetImportParameters requested are different than current active one (requested -> active):
  custom:video-decoder-ogg-theora: a1e56fd34408186e4bbccfd4996cb3dc -> 
  custom:container-muxer-webm: aa71ff27fc2769a1b78a27578f13a17b -> 
  custom:container-demuxer-webm: 4f35f7cbe854078d1ac9338744f61a02 -> 
  custom:video-encoder-webm-vp8: eb34c28f22e8b96e1ab97ce403110664 -> 
  custom:CustomObjectIndexerAttribute: bc11b3a6c3213fcdd17b65e7da85e133 -> 
  custom:audio-encoder-webm-vorbis: bf7c407c2cedff20999df2af8eb42d56 -> 
  custom:framework-win-MediaFoundation: 216162199b28c13a410421893ffa2e32 -> 
  custom:container-demuxer-ogg: 62fdf1f143b41e24485cea50d1cbac27 -> 
  custom:video-decoder-webm-vp8: 9c59270c3fd7afecdb556c50c9e8de78 -> 
  custom:audio-decoder-ogg-vorbis: bf7c407c2cedff20999df2af8eb42d56 -> 
========================================================================
Received Prepare
Refreshing native plugins compatible for Editor in 40.84 ms, found 12 plugins.
Preloading 1 native plugins for Editor in 0.17 ms.
Unloading 46 Unused Serialized files (Serialized files now loaded: 0)
Unloading 46 unused Assets / (23.0 KB). Loaded Objects now: 4462.
Memory consumption went from 66.0 MB to 66.0 MB.
Total: 7.439900 ms (FindLiveObjects: 0.410900 ms CreateObjectMapping: 0.195000 ms MarkObjects: 6.735000 ms  DeleteObjects: 0.095800 ms)

AssetImportParameters requested are different than current active one (requested -> active):
  colorSpace: 0 -> 1
  custom:video-decoder-ogg-theora: a1e56fd34408186e4bbccfd4996cb3dc -> 
  custom:container-muxer-webm: aa71ff27fc2769a1b78a27578f13a17b -> 
  custom:container-demuxer-webm: 4f35f7cbe854078d1ac9338744f61a02 -> 
  custom:video-encoder-webm-vp8: eb34c28f22e8b96e1ab97ce403110664 -> 
  custom:CustomObjectIndexerAttribute: bc11b3a6c3213fcdd17b65e7da85e133 -> 
  custom:audio-encoder-webm-vorbis: bf7c407c2cedff20999df2af8eb42d56 -> 
  custom:framework-win-MediaFoundation: 216162199b28c13a410421893ffa2e32 -> 
  custom:container-demuxer-ogg: 62fdf1f143b41e24485cea50d1cbac27 -> 
  custom:video-decoder-webm-vp8: 9c59270c3fd7afecdb556c50c9e8de78 -> 
  custom:graphics/active-color-space: 02000000000000000000000000000000 -> 03000000000000000000000000000000
  custom:audio-decoder-ogg-vorbis: bf7c407c2cedff20999df2af8eb42d56 -> 
========================================================================
Received Import Request.
  Time since last request: 1381.360264 seconds.
  path: Packages/com.unity.testtools.codecoverage/Editor/Icons/CodeCoverage.png
  artifactKey: Guid(5e4d1277a09266944b3431a0a44d0862) Importer(815301076,1909f56bfc062723c751e8b465ee728b)
Start importing Packages/com.unity.testtools.codecoverage/Editor/Icons/CodeCoverage.png using Guid(5e4d1277a09266944b3431a0a44d0862) Importer(815301076,1909f56bfc062723c751e8b465ee728b)  -> (artifact id: '5d598478a5bdb2644fe5b877624035f9') in 0.119716 seconds 
========================================================================
Received Import Request.
  Time since last request: 0.000052 seconds.
  path: Packages/com.unity.collab-proxy/Editor/PlasticSCM/Assets/Images/d_iconaddedoverlay@2x.png
  artifactKey: Guid(a6fbd5a181bc51e42a61a73fe8d727c8) Importer(815301076,1909f56bfc062723c751e8b465ee728b)
Start importing Packages/com.unity.collab-proxy/Editor/PlasticSCM/Assets/Images/d_iconaddedoverlay@2x.png using Guid(a6fbd5a181bc51e42a61a73fe8d727c8) Importer(815301076,1909f56bfc062723c751e8b465ee728b)  -> (artifact id: '933e9e2158462d3212449ea1ffb4d7ac') in 0.049088 seconds 
========================================================================
Received Import Request.
  Time since last request: 0.000063 seconds.
  path: Packages/com.unity.testtools.codecoverage/Editor/Icons/d_CodeCoverage@2x.png
  artifactKey: Guid(8616c9d86a8504a4b8b5c65bb6a5644f) Importer(815301076,1909f56bfc062723c751e8b465ee728b)
Start importing Packages/com.unity.testtools.codecoverage/Editor/Icons/d_CodeCoverage@2x.png using Guid(8616c9d86a8504a4b8b5c65bb6a5644f) Importer(815301076,1909f56bfc062723c751e8b465ee728b)  -> (artifact id: 'c2c825bef5d47957edbc5f05164c804b') in 0.061247 seconds 
========================================================================
Received Import Request.
  Time since last request: 0.000035 seconds.
  path: Packages/com.unity.testtools.codecoverage/Editor/CodeCoverage.Editor.asmdef
  artifactKey: Guid(37180d43aa4b85c4b9076e2ef48a3b2a) Importer(815301076,1909f56bfc062723c751e8b465ee728b)
Start importing Packages/com.unity.testtools.codecoverage/Editor/CodeCoverage.Editor.asmdef using Guid(37180d43aa4b85c4b9076e2ef48a3b2a) Importer(815301076,1909f56bfc062723c751e8b465ee728b)  -> (artifact id: '2e12f8127e9c442b1a6f36f3ea538faa') in 0.014516 seconds 
========================================================================
Received Import Request.
  Time since last request: 0.000039 seconds.
  path: Packages/com.unity.testtools.codecoverage/Editor/Icons/d_CodeCoverage.png
  artifactKey: Guid(48e45b7f100ee4b48a02e05135e6cece) Importer(815301076,1909f56bfc062723c751e8b465ee728b)
Start importing Packages/com.unity.testtools.codecoverage/Editor/Icons/d_CodeCoverage.png using Guid(48e45b7f100ee4b48a02e05135e6cece) Importer(815301076,1909f56bfc062723c751e8b465ee728b)  -> (artifact id: 'fa3ec3620ea7d943aedf27f633c798b0') in 0.047510 seconds 
========================================================================
Received Import Request.
  Time since last request: 0.000034 seconds.
  path: Packages/com.unity.testtools.codecoverage/Editor/Icons/CodeCoverage@2x.png
  artifactKey: Guid(37164f8d49df70f448b593fa86e488f5) Importer(815301076,1909f56bfc062723c751e8b465ee728b)
Start importing Packages/com.unity.testtools.codecoverage/Editor/Icons/CodeCoverage@2x.png using Guid(37164f8d49df70f448b593fa86e488f5) Importer(815301076,1909f56bfc062723c751e8b465ee728b)  -> (artifact id: 'd7daeaade463b03b0e3045a631414518') in 0.052371 seconds 
========================================================================
Received Import Request.
  Time since last request: 0.000030 seconds.
  path: Packages/com.unity.collab-proxy/Editor/PlasticSCM/Assets/Images/d_iconaddedoverlay.png
  artifactKey: Guid(73d124bf77e463c45942d14136745d9f) Importer(815301076,1909f56bfc062723c751e8b465ee728b)
Start importing Packages/com.unity.collab-proxy/Editor/PlasticSCM/Assets/Images/d_iconaddedoverlay.png using Guid(73d124bf77e463c45942d14136745d9f) Importer(815301076,1909f56bfc062723c751e8b465ee728b)  -> (artifact id: 'e4f48ba03325ae910100086ae0c42966') in 0.049117 seconds 
========================================================================
Received Import Request.
  Time since last request: 24.204836 seconds.
  path: Assets/ExampleAssets/Tutorial
  artifactKey: Guid(4aa865ce879c443d3b970d28b0499121) Importer(815301076,1909f56bfc062723c751e8b465ee728b)
Start importing Assets/ExampleAssets/Tutorial using Guid(4aa865ce879c443d3b970d28b0499121) Importer(815301076,1909f56bfc062723c751e8b465ee728b)  -> (artifact id: '840e47ee0c6f75feae9c0f28c99f70c2') in 0.011617 seconds 
========================================================================
Received Import Request.
  Time since last request: 2.958606 seconds.
  path: Assets/ExampleAssets/Tutorial/Images
  artifactKey: Guid(8e9214df9da5b4a17af52339d5d82789) Importer(815301076,1909f56bfc062723c751e8b465ee728b)
Start importing Assets/ExampleAssets/Tutorial/Images using Guid(8e9214df9da5b4a17af52339d5d82789) Importer(815301076,1909f56bfc062723c751e8b465ee728b)  -> (artifact id: '6a860e31d77013065d8ee7d6aac21ccf') in 0.023166 seconds 
========================================================================
Received Import Request.
  Time since last request: 0.016710 seconds.
  path: Assets/ExampleAssets/Tutorial/Images/1-welcome-screen-image.png
  artifactKey: Guid(11e34d76fce7843be984510eca5c9139) Importer(815301076,1909f56bfc062723c751e8b465ee728b)
Start importing Assets/ExampleAssets/Tutorial/Images/1-welcome-screen-image.png using Guid(11e34d76fce7843be984510eca5c9139) Importer(815301076,1909f56bfc062723c751e8b465ee728b)  -> (artifact id: '1cbf21ef0a7ca540984105ee17b9c553') in 0.045990 seconds 
========================================================================
Received Import Request.
  Time since last request: 0.000210 seconds.
  path: Assets/ExampleAssets/Tutorial/Images/project-header-vr.png
  artifactKey: Guid(6eaf09dd6cc8a49708bf60691e32bebf) Importer(815301076,1909f56bfc062723c751e8b465ee728b)
Start importing Assets/ExampleAssets/Tutorial/Images/project-header-vr.png using Guid(6eaf09dd6cc8a49708bf60691e32bebf) Importer(815301076,1909f56bfc062723c751e8b465ee728b)  -> (artifact id: '143b785125fdf10b538fa2e13ff39839') in 0.059225 seconds 
